2024-07-07T16:17:39.725Z [Modules] Modules initializing
2024-07-07T16:17:39.725Z [Modules] Distribution: remote
2024-07-07T16:17:39.725Z [Modules] Host updates: disabled
2024-07-07T16:17:39.726Z [Modules] Module updates: enabled
2024-07-07T16:17:39.726Z [Modules] Module install path: /home/noelle/.config/discord/0.0.58/modules
2024-07-07T16:17:39.726Z [Modules] Module installed file path: /home/noelle/.config/discord/0.0.58/modules/installed.json
2024-07-07T16:17:39.730Z [Modules] Module download path: /home/noelle/.config/discord/0.0.58/modules/pending
2024-07-07T16:17:41.222Z [Modules] Bootstrapping...
2024-07-07T16:17:41.222Z [Modules] Installing discord_desktop_core@0 from /nix/store/f3x3snsnjnfzg12g7586syg5cyn8sgph-discord-0.0.58/opt/Discord/resources/bootstrap/discord_desktop_core.zip
2024-07-07T16:17:41.224Z [Modules] Failed installing discord_desktop_core@0: Error: ENOENT: no such file or directory, open '/nix/store/f3x3snsnjnfzg12g7586syg5cyn8sgph-discord-0.0.58/opt/Discord/resources/bootstrap/discord_desktop_core.zip'
2024-07-07T16:17:41.225Z [Modules] Installing discord_erlpack@0 from /nix/store/f3x3snsnjnfzg12g7586syg5cyn8sgph-discord-0.0.58/opt/Discord/resources/bootstrap/discord_erlpack.zip
2024-07-07T16:17:41.226Z [Modules] Failed installing discord_erlpack@0: Error: ENOENT: no such file or directory, open '/nix/store/f3x3snsnjnfzg12g7586syg5cyn8sgph-discord-0.0.58/opt/Discord/resources/bootstrap/discord_erlpack.zip'
2024-07-07T16:17:41.226Z [Modules] Installing discord_spellcheck@0 from /nix/store/f3x3snsnjnfzg12g7586syg5cyn8sgph-discord-0.0.58/opt/Discord/resources/bootstrap/discord_spellcheck.zip
2024-07-07T16:17:41.227Z [Modules] Failed installing discord_spellcheck@0: Error: ENOENT: no such file or directory, open '/nix/store/f3x3snsnjnfzg12g7586syg5cyn8sgph-discord-0.0.58/opt/Discord/resources/bootstrap/discord_spellcheck.zip'
2024-07-07T16:17:41.227Z [Modules] Installing discord_utils@0 from /nix/store/f3x3snsnjnfzg12g7586syg5cyn8sgph-discord-0.0.58/opt/Discord/resources/bootstrap/discord_utils.zip
2024-07-07T16:17:41.228Z [Modules] Failed installing discord_utils@0: Error: ENOENT: no such file or directory, open '/nix/store/f3x3snsnjnfzg12g7586syg5cyn8sgph-discord-0.0.58/opt/Discord/resources/bootstrap/discord_utils.zip'
2024-07-07T16:17:41.228Z [Modules] Installing discord_voice@0 from /nix/store/f3x3snsnjnfzg12g7586syg5cyn8sgph-discord-0.0.58/opt/Discord/resources/bootstrap/discord_voice.zip
2024-07-07T16:17:41.229Z [Modules] Failed installing discord_voice@0: Error: ENOENT: no such file or directory, open '/nix/store/f3x3snsnjnfzg12g7586syg5cyn8sgph-discord-0.0.58/opt/Discord/resources/bootstrap/discord_voice.zip'
2024-07-07T16:17:41.229Z [Modules] Installing discord_zstd@0 from /nix/store/f3x3snsnjnfzg12g7586syg5cyn8sgph-discord-0.0.58/opt/Discord/resources/bootstrap/discord_zstd.zip
2024-07-07T16:17:41.230Z [Modules] Failed installing discord_zstd@0: Error: ENOENT: no such file or directory, open '/nix/store/f3x3snsnjnfzg12g7586syg5cyn8sgph-discord-0.0.58/opt/Discord/resources/bootstrap/discord_zstd.zip'
2024-07-07T16:17:41.230Z [Modules] Finished module installations. [success: 0] [failure: 6]
2024-07-07T16:17:41.231Z [Modules] Host is up to date.
2024-07-07T16:17:41.231Z [Modules] Checking for module updates at https://discord.com/api/modules/stable/versions.json
2024-07-07T16:17:41.736Z [Modules] Module update available: discord_desktop_core@1 [installed: 0]
2024-07-07T16:17:41.737Z [Modules] Module update available: discord_erlpack@1 [installed: 0]
2024-07-07T16:17:41.737Z [Modules] Module update available: discord_spellcheck@1 [installed: 0]
2024-07-07T16:17:41.737Z [Modules] Module update available: discord_utils@1 [installed: 0]
2024-07-07T16:17:41.737Z [Modules] Module update available: discord_voice@1 [installed: 0]
2024-07-07T16:17:41.737Z [Modules] Module update available: discord_zstd@1 [installed: 0]
2024-07-07T16:17:41.737Z [Modules] Fetching discord_desktop_core@1 from https://discord.com/api/modules/stable/discord_desktop_core/1
2024-07-07T16:17:41.737Z [Modules] Streaming discord_desktop_core@1 to /home/noelle/.config/discord/0.0.58/modules/pending/discord_desktop_core-1.zip
2024-07-07T16:17:42.040Z [Modules] Streaming discord_desktop_core@1 to /home/noelle/.config/discord/0.0.58/modules/pending/discord_desktop_core-1.zip: 1%
2024-07-07T16:17:42.055Z [Modules] Streaming discord_desktop_core@1 to /home/noelle/.config/discord/0.0.58/modules/pending/discord_desktop_core-1.zip: 2%
2024-07-07T16:17:42.086Z [Modules] Streaming discord_desktop_core@1 to /home/noelle/.config/discord/0.0.58/modules/pending/discord_desktop_core-1.zip: 3%
2024-07-07T16:17:42.089Z [Modules] Streaming discord_desktop_core@1 to /home/noelle/.config/discord/0.0.58/modules/pending/discord_desktop_core-1.zip: 4%
2024-07-07T16:17:42.099Z [Modules] Streaming discord_desktop_core@1 to /home/noelle/.config/discord/0.0.58/modules/pending/discord_desktop_core-1.zip: 5%
2024-07-07T16:17:42.109Z [Modules] Streaming discord_desktop_core@1 to /home/noelle/.config/discord/0.0.58/modules/pending/discord_desktop_core-1.zip: 6%
2024-07-07T16:17:42.114Z [Modules] Streaming discord_desktop_core@1 to /home/noelle/.config/discord/0.0.58/modules/pending/discord_desktop_core-1.zip: 7%
2024-07-07T16:17:42.124Z [Modules] Streaming discord_desktop_core@1 to /home/noelle/.config/discord/0.0.58/modules/pending/discord_desktop_core-1.zip: 9%
2024-07-07T16:17:42.131Z [Modules] Streaming discord_desktop_core@1 to /home/noelle/.config/discord/0.0.58/modules/pending/discord_desktop_core-1.zip: 11%
2024-07-07T16:17:42.139Z [Modules] Streaming discord_desktop_core@1 to /home/noelle/.config/discord/0.0.58/modules/pending/discord_desktop_core-1.zip: 13%
2024-07-07T16:17:42.141Z [Modules] Streaming discord_desktop_core@1 to /home/noelle/.config/discord/0.0.58/modules/pending/discord_desktop_core-1.zip: 14%
2024-07-07T16:17:42.152Z [Modules] Streaming discord_desktop_core@1 to /home/noelle/.config/discord/0.0.58/modules/pending/discord_desktop_core-1.zip: 17%
2024-07-07T16:17:42.156Z [Modules] Streaming discord_desktop_core@1 to /home/noelle/.config/discord/0.0.58/modules/pending/discord_desktop_core-1.zip: 18%
2024-07-07T16:17:42.158Z [Modules] Streaming discord_desktop_core@1 to /home/noelle/.config/discord/0.0.58/modules/pending/discord_desktop_core-1.zip: 19%
2024-07-07T16:17:42.160Z [Modules] Streaming discord_desktop_core@1 to /home/noelle/.config/discord/0.0.58/modules/pending/discord_desktop_core-1.zip: 20%
2024-07-07T16:17:42.163Z [Modules] Streaming discord_desktop_core@1 to /home/noelle/.config/discord/0.0.58/modules/pending/discord_desktop_core-1.zip: 22%
2024-07-07T16:17:42.171Z [Modules] Streaming discord_desktop_core@1 to /home/noelle/.config/discord/0.0.58/modules/pending/discord_desktop_core-1.zip: 25%
2024-07-07T16:17:42.172Z [Modules] Streaming discord_desktop_core@1 to /home/noelle/.config/discord/0.0.58/modules/pending/discord_desktop_core-1.zip: 28%
2024-07-07T16:17:42.189Z [Modules] Streaming discord_desktop_core@1 to /home/noelle/.config/discord/0.0.58/modules/pending/discord_desktop_core-1.zip: 31%
2024-07-07T16:17:42.190Z [Modules] Streaming discord_desktop_core@1 to /home/noelle/.config/discord/0.0.58/modules/pending/discord_desktop_core-1.zip: 35%
2024-07-07T16:17:42.191Z [Modules] Streaming discord_desktop_core@1 to /home/noelle/.config/discord/0.0.58/modules/pending/discord_desktop_core-1.zip: 38%
2024-07-07T16:17:42.191Z [Modules] Streaming discord_desktop_core@1 to /home/noelle/.config/discord/0.0.58/modules/pending/discord_desktop_core-1.zip: 41%
2024-07-07T16:17:42.194Z [Modules] Streaming discord_desktop_core@1 to /home/noelle/.config/discord/0.0.58/modules/pending/discord_desktop_core-1.zip: 44%
2024-07-07T16:17:42.199Z [Modules] Streaming discord_desktop_core@1 to /home/noelle/.config/discord/0.0.58/modules/pending/discord_desktop_core-1.zip: 47%
2024-07-07T16:17:42.200Z [Modules] Streaming discord_desktop_core@1 to /home/noelle/.config/discord/0.0.58/modules/pending/discord_desktop_core-1.zip: 51%
2024-07-07T16:17:42.202Z [Modules] Streaming discord_desktop_core@1 to /home/noelle/.config/discord/0.0.58/modules/pending/discord_desktop_core-1.zip: 54%
2024-07-07T16:17:42.207Z [Modules] Streaming discord_desktop_core@1 to /home/noelle/.config/discord/0.0.58/modules/pending/discord_desktop_core-1.zip: 57%
2024-07-07T16:17:42.222Z [Modules] Streaming discord_desktop_core@1 to /home/noelle/.config/discord/0.0.58/modules/pending/discord_desktop_core-1.zip: 59%
2024-07-07T16:17:42.223Z [Modules] Streaming discord_desktop_core@1 to /home/noelle/.config/discord/0.0.58/modules/pending/discord_desktop_core-1.zip: 66%
2024-07-07T16:17:42.232Z [Modules] Streaming discord_desktop_core@1 to /home/noelle/.config/discord/0.0.58/modules/pending/discord_desktop_core-1.zip: 69%
2024-07-07T16:17:42.234Z [Modules] Streaming discord_desktop_core@1 to /home/noelle/.config/discord/0.0.58/modules/pending/discord_desktop_core-1.zip: 77%
2024-07-07T16:17:42.237Z [Modules] Streaming discord_desktop_core@1 to /home/noelle/.config/discord/0.0.58/modules/pending/discord_desktop_core-1.zip: 94%
2024-07-07T16:17:42.238Z [Modules] Streaming discord_desktop_core@1 to /home/noelle/.config/discord/0.0.58/modules/pending/discord_desktop_core-1.zip: 99%
2024-07-07T16:17:42.264Z [Modules] Streaming discord_desktop_core@1 to /home/noelle/.config/discord/0.0.58/modules/pending/discord_desktop_core-1.zip: 100%
2024-07-07T16:17:42.266Z [Modules] Fetching discord_erlpack@1 from https://discord.com/api/modules/stable/discord_erlpack/1
2024-07-07T16:17:42.266Z [Modules] Streaming discord_erlpack@1 to /home/noelle/.config/discord/0.0.58/modules/pending/discord_erlpack-1.zip
2024-07-07T16:17:42.405Z [Modules] Streaming discord_erlpack@1 to /home/noelle/.config/discord/0.0.58/modules/pending/discord_erlpack-1.zip: 3%
2024-07-07T16:17:42.406Z [Modules] Streaming discord_erlpack@1 to /home/noelle/.config/discord/0.0.58/modules/pending/discord_erlpack-1.zip: 12%
2024-07-07T16:17:42.407Z [Modules] Streaming discord_erlpack@1 to /home/noelle/.config/discord/0.0.58/modules/pending/discord_erlpack-1.zip: 18%
2024-07-07T16:17:42.408Z [Modules] Streaming discord_erlpack@1 to /home/noelle/.config/discord/0.0.58/modules/pending/discord_erlpack-1.zip: 21%
2024-07-07T16:17:42.411Z [Modules] Streaming discord_erlpack@1 to /home/noelle/.config/discord/0.0.58/modules/pending/discord_erlpack-1.zip: 24%
2024-07-07T16:17:42.412Z [Modules] Streaming discord_erlpack@1 to /home/noelle/.config/discord/0.0.58/modules/pending/discord_erlpack-1.zip: 28%
2024-07-07T16:17:42.413Z [Modules] Streaming discord_erlpack@1 to /home/noelle/.config/discord/0.0.58/modules/pending/discord_erlpack-1.zip: 34%
2024-07-07T16:17:42.413Z [Modules] Streaming discord_erlpack@1 to /home/noelle/.config/discord/0.0.58/modules/pending/discord_erlpack-1.zip: 39%
2024-07-07T16:17:42.415Z [Modules] Streaming discord_erlpack@1 to /home/noelle/.config/discord/0.0.58/modules/pending/discord_erlpack-1.zip: 42%
2024-07-07T16:17:42.416Z [Modules] Streaming discord_erlpack@1 to /home/noelle/.config/discord/0.0.58/modules/pending/discord_erlpack-1.zip: 46%
2024-07-07T16:17:42.416Z [Modules] Streaming discord_erlpack@1 to /home/noelle/.config/discord/0.0.58/modules/pending/discord_erlpack-1.zip: 51%
2024-07-07T16:17:42.417Z [Modules] Streaming discord_erlpack@1 to /home/noelle/.config/discord/0.0.58/modules/pending/discord_erlpack-1.zip: 54%
2024-07-07T16:17:42.418Z [Modules] Streaming discord_erlpack@1 to /home/noelle/.config/discord/0.0.58/modules/pending/discord_erlpack-1.zip: 56%
2024-07-07T16:17:42.420Z [Modules] Streaming discord_erlpack@1 to /home/noelle/.config/discord/0.0.58/modules/pending/discord_erlpack-1.zip: 59%
2024-07-07T16:17:42.421Z [Modules] Streaming discord_erlpack@1 to /home/noelle/.config/discord/0.0.58/modules/pending/discord_erlpack-1.zip: 63%
2024-07-07T16:17:42.422Z [Modules] Streaming discord_erlpack@1 to /home/noelle/.config/discord/0.0.58/modules/pending/discord_erlpack-1.zip: 66%
2024-07-07T16:17:42.424Z [Modules] Streaming discord_erlpack@1 to /home/noelle/.config/discord/0.0.58/modules/pending/discord_erlpack-1.zip: 73%
2024-07-07T16:17:42.425Z [Modules] Streaming discord_erlpack@1 to /home/noelle/.config/discord/0.0.58/modules/pending/discord_erlpack-1.zip: 80%
2024-07-07T16:17:42.437Z [Modules] Streaming discord_erlpack@1 to /home/noelle/.config/discord/0.0.58/modules/pending/discord_erlpack-1.zip: 93%
2024-07-07T16:17:42.438Z [Modules] Streaming discord_erlpack@1 to /home/noelle/.config/discord/0.0.58/modules/pending/discord_erlpack-1.zip: 97%
2024-07-07T16:17:42.439Z [Modules] Streaming discord_erlpack@1 to /home/noelle/.config/discord/0.0.58/modules/pending/discord_erlpack-1.zip: 100%
2024-07-07T16:17:42.442Z [Modules] Fetching discord_spellcheck@1 from https://discord.com/api/modules/stable/discord_spellcheck/1
2024-07-07T16:17:42.442Z [Modules] Streaming discord_spellcheck@1 to /home/noelle/.config/discord/0.0.58/modules/pending/discord_spellcheck-1.zip
2024-07-07T16:17:42.590Z [Modules] Streaming discord_spellcheck@1 to /home/noelle/.config/discord/0.0.58/modules/pending/discord_spellcheck-1.zip: 1%
2024-07-07T16:17:42.591Z [Modules] Streaming discord_spellcheck@1 to /home/noelle/.config/discord/0.0.58/modules/pending/discord_spellcheck-1.zip: 2%
2024-07-07T16:17:42.595Z [Modules] Streaming discord_spellcheck@1 to /home/noelle/.config/discord/0.0.58/modules/pending/discord_spellcheck-1.zip: 3%
2024-07-07T16:17:42.595Z [Modules] Streaming discord_spellcheck@1 to /home/noelle/.config/discord/0.0.58/modules/pending/discord_spellcheck-1.zip: 4%
2024-07-07T16:17:42.596Z [Modules] Streaming discord_spellcheck@1 to /home/noelle/.config/discord/0.0.58/modules/pending/discord_spellcheck-1.zip: 5%
2024-07-07T16:17:42.599Z [Modules] Streaming discord_spellcheck@1 to /home/noelle/.config/discord/0.0.58/modules/pending/discord_spellcheck-1.zip: 6%
2024-07-07T16:17:42.599Z [Modules] Streaming discord_spellcheck@1 to /home/noelle/.config/discord/0.0.58/modules/pending/discord_spellcheck-1.zip: 7%
2024-07-07T16:17:42.600Z [Modules] Streaming discord_spellcheck@1 to /home/noelle/.config/discord/0.0.58/modules/pending/discord_spellcheck-1.zip: 8%
2024-07-07T16:17:42.601Z [Modules] Streaming discord_spellcheck@1 to /home/noelle/.config/discord/0.0.58/modules/pending/discord_spellcheck-1.zip: 9%
2024-07-07T16:17:42.602Z [Modules] Streaming discord_spellcheck@1 to /home/noelle/.config/discord/0.0.58/modules/pending/discord_spellcheck-1.zip: 10%
2024-07-07T16:17:42.604Z [Modules] Streaming discord_spellcheck@1 to /home/noelle/.config/discord/0.0.58/modules/pending/discord_spellcheck-1.zip: 11%
2024-07-07T16:17:42.605Z [Modules] Streaming discord_spellcheck@1 to /home/noelle/.config/discord/0.0.58/modules/pending/discord_spellcheck-1.zip: 12%
2024-07-07T16:17:42.606Z [Modules] Streaming discord_spellcheck@1 to /home/noelle/.config/discord/0.0.58/modules/pending/discord_spellcheck-1.zip: 13%
2024-07-07T16:17:42.608Z [Modules] Streaming discord_spellcheck@1 to /home/noelle/.config/discord/0.0.58/modules/pending/discord_spellcheck-1.zip: 14%
2024-07-07T16:17:42.609Z [Modules] Streaming discord_spellcheck@1 to /home/noelle/.config/discord/0.0.58/modules/pending/discord_spellcheck-1.zip: 15%
2024-07-07T16:17:42.609Z [Modules] Streaming discord_spellcheck@1 to /home/noelle/.config/discord/0.0.58/modules/pending/discord_spellcheck-1.zip: 16%
2024-07-07T16:17:42.612Z [Modules] Streaming discord_spellcheck@1 to /home/noelle/.config/discord/0.0.58/modules/pending/discord_spellcheck-1.zip: 17%
2024-07-07T16:17:42.613Z [Modules] Streaming discord_spellcheck@1 to /home/noelle/.config/discord/0.0.58/modules/pending/discord_spellcheck-1.zip: 18%
2024-07-07T16:17:42.618Z [Modules] Streaming discord_spellcheck@1 to /home/noelle/.config/discord/0.0.58/modules/pending/discord_spellcheck-1.zip: 19%
2024-07-07T16:17:42.619Z [Modules] Streaming discord_spellcheck@1 to /home/noelle/.config/discord/0.0.58/modules/pending/discord_spellcheck-1.zip: 20%
2024-07-07T16:17:42.621Z [Modules] Streaming discord_spellcheck@1 to /home/noelle/.config/discord/0.0.58/modules/pending/discord_spellcheck-1.zip: 21%
2024-07-07T16:17:42.621Z [Modules] Streaming discord_spellcheck@1 to /home/noelle/.config/discord/0.0.58/modules/pending/discord_spellcheck-1.zip: 22%
2024-07-07T16:17:42.623Z [Modules] Streaming discord_spellcheck@1 to /home/noelle/.config/discord/0.0.58/modules/pending/discord_spellcheck-1.zip: 23%
2024-07-07T16:17:42.624Z [Modules] Streaming discord_spellcheck@1 to /home/noelle/.config/discord/0.0.58/modules/pending/discord_spellcheck-1.zip: 24%
2024-07-07T16:17:42.625Z [Modules] Streaming discord_spellcheck@1 to /home/noelle/.config/discord/0.0.58/modules/pending/discord_spellcheck-1.zip: 26%
2024-07-07T16:17:42.628Z [Modules] Streaming discord_spellcheck@1 to /home/noelle/.config/discord/0.0.58/modules/pending/discord_spellcheck-1.zip: 27%
2024-07-07T16:17:42.628Z [Modules] Streaming discord_spellcheck@1 to /home/noelle/.config/discord/0.0.58/modules/pending/discord_spellcheck-1.zip: 28%
2024-07-07T16:17:42.630Z [Modules] Streaming discord_spellcheck@1 to /home/noelle/.config/discord/0.0.58/modules/pending/discord_spellcheck-1.zip: 29%
2024-07-07T16:17:42.631Z [Modules] Streaming discord_spellcheck@1 to /home/noelle/.config/discord/0.0.58/modules/pending/discord_spellcheck-1.zip: 30%
2024-07-07T16:17:42.633Z [Modules] Streaming discord_spellcheck@1 to /home/noelle/.config/discord/0.0.58/modules/pending/discord_spellcheck-1.zip: 31%
2024-07-07T16:17:42.634Z [Modules] Streaming discord_spellcheck@1 to /home/noelle/.config/discord/0.0.58/modules/pending/discord_spellcheck-1.zip: 32%
2024-07-07T16:17:42.636Z [Modules] Streaming discord_spellcheck@1 to /home/noelle/.config/discord/0.0.58/modules/pending/discord_spellcheck-1.zip: 33%
2024-07-07T16:17:42.637Z [Modules] Streaming discord_spellcheck@1 to /home/noelle/.config/discord/0.0.58/modules/pending/discord_spellcheck-1.zip: 34%
2024-07-07T16:17:42.639Z [Modules] Streaming discord_spellcheck@1 to /home/noelle/.config/discord/0.0.58/modules/pending/discord_spellcheck-1.zip: 35%
2024-07-07T16:17:42.640Z [Modules] Streaming discord_spellcheck@1 to /home/noelle/.config/discord/0.0.58/modules/pending/discord_spellcheck-1.zip: 36%
2024-07-07T16:17:42.641Z [Modules] Streaming discord_spellcheck@1 to /home/noelle/.config/discord/0.0.58/modules/pending/discord_spellcheck-1.zip: 37%
2024-07-07T16:17:42.642Z [Modules] Streaming discord_spellcheck@1 to /home/noelle/.config/discord/0.0.58/modules/pending/discord_spellcheck-1.zip: 38%
2024-07-07T16:17:42.643Z [Modules] Streaming discord_spellcheck@1 to /home/noelle/.config/discord/0.0.58/modules/pending/discord_spellcheck-1.zip: 39%
2024-07-07T16:17:42.647Z [Modules] Streaming discord_spellcheck@1 to /home/noelle/.config/discord/0.0.58/modules/pending/discord_spellcheck-1.zip: 40%
2024-07-07T16:17:42.656Z [Modules] Streaming discord_spellcheck@1 to /home/noelle/.config/discord/0.0.58/modules/pending/discord_spellcheck-1.zip: 41%
2024-07-07T16:17:42.657Z [Modules] Streaming discord_spellcheck@1 to /home/noelle/.config/discord/0.0.58/modules/pending/discord_spellcheck-1.zip: 42%
2024-07-07T16:17:42.658Z [Modules] Streaming discord_spellcheck@1 to /home/noelle/.config/discord/0.0.58/modules/pending/discord_spellcheck-1.zip: 44%
2024-07-07T16:17:42.659Z [Modules] Streaming discord_spellcheck@1 to /home/noelle/.config/discord/0.0.58/modules/pending/discord_spellcheck-1.zip: 45%
2024-07-07T16:17:42.660Z [Modules] Streaming discord_spellcheck@1 to /home/noelle/.config/discord/0.0.58/modules/pending/discord_spellcheck-1.zip: 46%
2024-07-07T16:17:42.663Z [Modules] Streaming discord_spellcheck@1 to /home/noelle/.config/discord/0.0.58/modules/pending/discord_spellcheck-1.zip: 47%
2024-07-07T16:17:42.664Z [Modules] Streaming discord_spellcheck@1 to /home/noelle/.config/discord/0.0.58/modules/pending/discord_spellcheck-1.zip: 48%
2024-07-07T16:17:42.665Z [Modules] Streaming discord_spellcheck@1 to /home/noelle/.config/discord/0.0.58/modules/pending/discord_spellcheck-1.zip: 50%
2024-07-07T16:17:42.668Z [Modules] Streaming discord_spellcheck@1 to /home/noelle/.config/discord/0.0.58/modules/pending/discord_spellcheck-1.zip: 52%
2024-07-07T16:17:42.672Z [Modules] Streaming discord_spellcheck@1 to /home/noelle/.config/discord/0.0.58/modules/pending/discord_spellcheck-1.zip: 57%
2024-07-07T16:17:42.679Z [Modules] Streaming discord_spellcheck@1 to /home/noelle/.config/discord/0.0.58/modules/pending/discord_spellcheck-1.zip: 60%
2024-07-07T16:17:42.681Z [Modules] Streaming discord_spellcheck@1 to /home/noelle/.config/discord/0.0.58/modules/pending/discord_spellcheck-1.zip: 62%
2024-07-07T16:17:42.686Z [Modules] Streaming discord_spellcheck@1 to /home/noelle/.config/discord/0.0.58/modules/pending/discord_spellcheck-1.zip: 64%
2024-07-07T16:17:42.694Z [Modules] Streaming discord_spellcheck@1 to /home/noelle/.config/discord/0.0.58/modules/pending/discord_spellcheck-1.zip: 69%
2024-07-07T16:17:42.697Z [Modules] Streaming discord_spellcheck@1 to /home/noelle/.config/discord/0.0.58/modules/pending/discord_spellcheck-1.zip: 73%
2024-07-07T16:17:42.698Z [Modules] Streaming discord_spellcheck@1 to /home/noelle/.config/discord/0.0.58/modules/pending/discord_spellcheck-1.zip: 74%
2024-07-07T16:17:42.703Z [Modules] Streaming discord_spellcheck@1 to /home/noelle/.config/discord/0.0.58/modules/pending/discord_spellcheck-1.zip: 75%
2024-07-07T16:17:42.705Z [Modules] Streaming discord_spellcheck@1 to /home/noelle/.config/discord/0.0.58/modules/pending/discord_spellcheck-1.zip: 76%
2024-07-07T16:17:42.705Z [Modules] Streaming discord_spellcheck@1 to /home/noelle/.config/discord/0.0.58/modules/pending/discord_spellcheck-1.zip: 77%
2024-07-07T16:17:42.705Z [Modules] Streaming discord_spellcheck@1 to /home/noelle/.config/discord/0.0.58/modules/pending/discord_spellcheck-1.zip: 78%
2024-07-07T16:17:42.707Z [Modules] Streaming discord_spellcheck@1 to /home/noelle/.config/discord/0.0.58/modules/pending/discord_spellcheck-1.zip: 79%
2024-07-07T16:17:42.709Z [Modules] Streaming discord_spellcheck@1 to /home/noelle/.config/discord/0.0.58/modules/pending/discord_spellcheck-1.zip: 80%
2024-07-07T16:17:42.710Z [Modules] Streaming discord_spellcheck@1 to /home/noelle/.config/discord/0.0.58/modules/pending/discord_spellcheck-1.zip: 82%
2024-07-07T16:17:42.724Z [Modules] Streaming discord_spellcheck@1 to /home/noelle/.config/discord/0.0.58/modules/pending/discord_spellcheck-1.zip: 87%
2024-07-07T16:17:42.725Z [Modules] Streaming discord_spellcheck@1 to /home/noelle/.config/discord/0.0.58/modules/pending/discord_spellcheck-1.zip: 89%
2024-07-07T16:17:42.725Z [Modules] Streaming discord_spellcheck@1 to /home/noelle/.config/discord/0.0.58/modules/pending/discord_spellcheck-1.zip: 90%
2024-07-07T16:17:42.726Z [Modules] Streaming discord_spellcheck@1 to /home/noelle/.config/discord/0.0.58/modules/pending/discord_spellcheck-1.zip: 91%
2024-07-07T16:17:42.726Z [Modules] Streaming discord_spellcheck@1 to /home/noelle/.config/discord/0.0.58/modules/pending/discord_spellcheck-1.zip: 92%
2024-07-07T16:17:42.727Z [Modules] Streaming discord_spellcheck@1 to /home/noelle/.config/discord/0.0.58/modules/pending/discord_spellcheck-1.zip: 93%
2024-07-07T16:17:42.727Z [Modules] Streaming discord_spellcheck@1 to /home/noelle/.config/discord/0.0.58/modules/pending/discord_spellcheck-1.zip: 94%
2024-07-07T16:17:42.728Z [Modules] Streaming discord_spellcheck@1 to /home/noelle/.config/discord/0.0.58/modules/pending/discord_spellcheck-1.zip: 95%
2024-07-07T16:17:42.729Z [Modules] Streaming discord_spellcheck@1 to /home/noelle/.config/discord/0.0.58/modules/pending/discord_spellcheck-1.zip: 96%
2024-07-07T16:17:42.731Z [Modules] Streaming discord_spellcheck@1 to /home/noelle/.config/discord/0.0.58/modules/pending/discord_spellcheck-1.zip: 97%
2024-07-07T16:17:42.732Z [Modules] Streaming discord_spellcheck@1 to /home/noelle/.config/discord/0.0.58/modules/pending/discord_spellcheck-1.zip: 98%
2024-07-07T16:17:42.735Z [Modules] Streaming discord_spellcheck@1 to /home/noelle/.config/discord/0.0.58/modules/pending/discord_spellcheck-1.zip: 99%
2024-07-07T16:17:42.762Z [Modules] Streaming discord_spellcheck@1 to /home/noelle/.config/discord/0.0.58/modules/pending/discord_spellcheck-1.zip: 100%
2024-07-07T16:17:42.763Z [Modules] Fetching discord_utils@1 from https://discord.com/api/modules/stable/discord_utils/1
2024-07-07T16:17:42.763Z [Modules] Streaming discord_utils@1 to /home/noelle/.config/discord/0.0.58/modules/pending/discord_utils-1.zip
2024-07-07T16:17:42.887Z [Modules] Streaming discord_utils@1 to /home/noelle/.config/discord/0.0.58/modules/pending/discord_utils-1.zip: 1%
2024-07-07T16:17:42.888Z [Modules] Streaming discord_utils@1 to /home/noelle/.config/discord/0.0.58/modules/pending/discord_utils-1.zip: 6%
2024-07-07T16:17:42.889Z [Modules] Streaming discord_utils@1 to /home/noelle/.config/discord/0.0.58/modules/pending/discord_utils-1.zip: 8%
2024-07-07T16:17:42.891Z [Modules] Streaming discord_utils@1 to /home/noelle/.config/discord/0.0.58/modules/pending/discord_utils-1.zip: 10%
2024-07-07T16:17:42.893Z [Modules] Streaming discord_utils@1 to /home/noelle/.config/discord/0.0.58/modules/pending/discord_utils-1.zip: 11%
2024-07-07T16:17:42.894Z [Modules] Streaming discord_utils@1 to /home/noelle/.config/discord/0.0.58/modules/pending/discord_utils-1.zip: 15%
2024-07-07T16:17:42.895Z [Modules] Streaming discord_utils@1 to /home/noelle/.config/discord/0.0.58/modules/pending/discord_utils-1.zip: 16%
2024-07-07T16:17:42.896Z [Modules] Streaming discord_utils@1 to /home/noelle/.config/discord/0.0.58/modules/pending/discord_utils-1.zip: 18%
2024-07-07T16:17:42.896Z [Modules] Streaming discord_utils@1 to /home/noelle/.config/discord/0.0.58/modules/pending/discord_utils-1.zip: 21%
2024-07-07T16:17:42.914Z [Modules] Streaming discord_utils@1 to /home/noelle/.config/discord/0.0.58/modules/pending/discord_utils-1.zip: 47%
2024-07-07T16:17:42.915Z [Modules] Streaming discord_utils@1 to /home/noelle/.config/discord/0.0.58/modules/pending/discord_utils-1.zip: 55%
2024-07-07T16:17:42.916Z [Modules] Streaming discord_utils@1 to /home/noelle/.config/discord/0.0.58/modules/pending/discord_utils-1.zip: 59%
2024-07-07T16:17:42.917Z [Modules] Streaming discord_utils@1 to /home/noelle/.config/discord/0.0.58/modules/pending/discord_utils-1.zip: 62%
2024-07-07T16:17:42.917Z [Modules] Streaming discord_utils@1 to /home/noelle/.config/discord/0.0.58/modules/pending/discord_utils-1.zip: 63%
2024-07-07T16:17:42.927Z [Modules] Streaming discord_utils@1 to /home/noelle/.config/discord/0.0.58/modules/pending/discord_utils-1.zip: 65%
2024-07-07T16:17:42.928Z [Modules] Streaming discord_utils@1 to /home/noelle/.config/discord/0.0.58/modules/pending/discord_utils-1.zip: 69%
2024-07-07T16:17:42.935Z [Modules] Streaming discord_utils@1 to /home/noelle/.config/discord/0.0.58/modules/pending/discord_utils-1.zip: 73%
2024-07-07T16:17:42.936Z [Modules] Streaming discord_utils@1 to /home/noelle/.config/discord/0.0.58/modules/pending/discord_utils-1.zip: 81%
2024-07-07T16:17:42.937Z [Modules] Streaming discord_utils@1 to /home/noelle/.config/discord/0.0.58/modules/pending/discord_utils-1.zip: 88%
2024-07-07T16:17:42.938Z [Modules] Streaming discord_utils@1 to /home/noelle/.config/discord/0.0.58/modules/pending/discord_utils-1.zip: 96%
2024-07-07T16:17:42.938Z [Modules] Streaming discord_utils@1 to /home/noelle/.config/discord/0.0.58/modules/pending/discord_utils-1.zip: 99%
2024-07-07T16:17:42.960Z [Modules] Streaming discord_utils@1 to /home/noelle/.config/discord/0.0.58/modules/pending/discord_utils-1.zip: 100%
2024-07-07T16:17:42.962Z [Modules] Fetching discord_voice@1 from https://discord.com/api/modules/stable/discord_voice/1
2024-07-07T16:17:42.962Z [Modules] Streaming discord_voice@1 to /home/noelle/.config/discord/0.0.58/modules/pending/discord_voice-1.zip
2024-07-07T16:17:43.100Z [Modules] Streaming discord_voice@1 to /home/noelle/.config/discord/0.0.58/modules/pending/discord_voice-1.zip: 1%
2024-07-07T16:17:43.101Z [Modules] Streaming discord_voice@1 to /home/noelle/.config/discord/0.0.58/modules/pending/discord_voice-1.zip: 2%
2024-07-07T16:17:43.102Z [Modules] Streaming discord_voice@1 to /home/noelle/.config/discord/0.0.58/modules/pending/discord_voice-1.zip: 3%
2024-07-07T16:17:43.103Z [Modules] Streaming discord_voice@1 to /home/noelle/.config/discord/0.0.58/modules/pending/discord_voice-1.zip: 4%
2024-07-07T16:17:43.106Z [Modules] Streaming discord_voice@1 to /home/noelle/.config/discord/0.0.58/modules/pending/discord_voice-1.zip: 5%
2024-07-07T16:17:43.107Z [Modules] Streaming discord_voice@1 to /home/noelle/.config/discord/0.0.58/modules/pending/discord_voice-1.zip: 6%
2024-07-07T16:17:43.115Z [Modules] Streaming discord_voice@1 to /home/noelle/.config/discord/0.0.58/modules/pending/discord_voice-1.zip: 7%
2024-07-07T16:17:43.116Z [Modules] Streaming discord_voice@1 to /home/noelle/.config/discord/0.0.58/modules/pending/discord_voice-1.zip: 8%
2024-07-07T16:17:43.119Z [Modules] Streaming discord_voice@1 to /home/noelle/.config/discord/0.0.58/modules/pending/discord_voice-1.zip: 9%
2024-07-07T16:17:43.121Z [Modules] Streaming discord_voice@1 to /home/noelle/.config/discord/0.0.58/modules/pending/discord_voice-1.zip: 10%
2024-07-07T16:17:43.128Z [Modules] Streaming discord_voice@1 to /home/noelle/.config/discord/0.0.58/modules/pending/discord_voice-1.zip: 11%
2024-07-07T16:17:43.131Z [Modules] Streaming discord_voice@1 to /home/noelle/.config/discord/0.0.58/modules/pending/discord_voice-1.zip: 12%
2024-07-07T16:17:43.137Z [Modules] Streaming discord_voice@1 to /home/noelle/.config/discord/0.0.58/modules/pending/discord_voice-1.zip: 13%
2024-07-07T16:17:43.138Z [Modules] Streaming discord_voice@1 to /home/noelle/.config/discord/0.0.58/modules/pending/discord_voice-1.zip: 14%
2024-07-07T16:17:43.140Z [Modules] Streaming discord_voice@1 to /home/noelle/.config/discord/0.0.58/modules/pending/discord_voice-1.zip: 15%
2024-07-07T16:17:43.141Z [Modules] Streaming discord_voice@1 to /home/noelle/.config/discord/0.0.58/modules/pending/discord_voice-1.zip: 16%
2024-07-07T16:17:43.143Z [Modules] Streaming discord_voice@1 to /home/noelle/.config/discord/0.0.58/modules/pending/discord_voice-1.zip: 17%
2024-07-07T16:17:43.149Z [Modules] Streaming discord_voice@1 to /home/noelle/.config/discord/0.0.58/modules/pending/discord_voice-1.zip: 18%
2024-07-07T16:17:43.152Z [Modules] Streaming discord_voice@1 to /home/noelle/.config/discord/0.0.58/modules/pending/discord_voice-1.zip: 19%
2024-07-07T16:17:43.163Z [Modules] Streaming discord_voice@1 to /home/noelle/.config/discord/0.0.58/modules/pending/discord_voice-1.zip: 20%
2024-07-07T16:17:43.166Z [Modules] Streaming discord_voice@1 to /home/noelle/.config/discord/0.0.58/modules/pending/discord_voice-1.zip: 21%
2024-07-07T16:17:43.168Z [Modules] Streaming discord_voice@1 to /home/noelle/.config/discord/0.0.58/modules/pending/discord_voice-1.zip: 22%
2024-07-07T16:17:43.170Z [Modules] Streaming discord_voice@1 to /home/noelle/.config/discord/0.0.58/modules/pending/discord_voice-1.zip: 23%
2024-07-07T16:17:43.173Z [Modules] Streaming discord_voice@1 to /home/noelle/.config/discord/0.0.58/modules/pending/discord_voice-1.zip: 24%
2024-07-07T16:17:43.175Z [Modules] Streaming discord_voice@1 to /home/noelle/.config/discord/0.0.58/modules/pending/discord_voice-1.zip: 25%
2024-07-07T16:17:43.177Z [Modules] Streaming discord_voice@1 to /home/noelle/.config/discord/0.0.58/modules/pending/discord_voice-1.zip: 26%
2024-07-07T16:17:43.180Z [Modules] Streaming discord_voice@1 to /home/noelle/.config/discord/0.0.58/modules/pending/discord_voice-1.zip: 27%
2024-07-07T16:17:43.186Z [Modules] Streaming discord_voice@1 to /home/noelle/.config/discord/0.0.58/modules/pending/discord_voice-1.zip: 28%
2024-07-07T16:17:43.190Z [Modules] Streaming discord_voice@1 to /home/noelle/.config/discord/0.0.58/modules/pending/discord_voice-1.zip: 29%
2024-07-07T16:17:43.192Z [Modules] Streaming discord_voice@1 to /home/noelle/.config/discord/0.0.58/modules/pending/discord_voice-1.zip: 30%
2024-07-07T16:17:43.195Z [Modules] Streaming discord_voice@1 to /home/noelle/.config/discord/0.0.58/modules/pending/discord_voice-1.zip: 31%
2024-07-07T16:17:43.201Z [Modules] Streaming discord_voice@1 to /home/noelle/.config/discord/0.0.58/modules/pending/discord_voice-1.zip: 32%
2024-07-07T16:17:43.205Z [Modules] Streaming discord_voice@1 to /home/noelle/.config/discord/0.0.58/modules/pending/discord_voice-1.zip: 33%
2024-07-07T16:17:43.206Z [Modules] Streaming discord_voice@1 to /home/noelle/.config/discord/0.0.58/modules/pending/discord_voice-1.zip: 34%
2024-07-07T16:17:43.215Z [Modules] Streaming discord_voice@1 to /home/noelle/.config/discord/0.0.58/modules/pending/discord_voice-1.zip: 35%
2024-07-07T16:17:43.218Z [Modules] Streaming discord_voice@1 to /home/noelle/.config/discord/0.0.58/modules/pending/discord_voice-1.zip: 36%
2024-07-07T16:17:43.226Z [Modules] Streaming discord_voice@1 to /home/noelle/.config/discord/0.0.58/modules/pending/discord_voice-1.zip: 39%
2024-07-07T16:17:43.255Z [Modules] Streaming discord_voice@1 to /home/noelle/.config/discord/0.0.58/modules/pending/discord_voice-1.zip: 40%
2024-07-07T16:17:43.259Z [Modules] Streaming discord_voice@1 to /home/noelle/.config/discord/0.0.58/modules/pending/discord_voice-1.zip: 41%
2024-07-07T16:17:43.266Z [Modules] Streaming discord_voice@1 to /home/noelle/.config/discord/0.0.58/modules/pending/discord_voice-1.zip: 42%
2024-07-07T16:17:43.266Z [Modules] Streaming discord_voice@1 to /home/noelle/.config/discord/0.0.58/modules/pending/discord_voice-1.zip: 43%
2024-07-07T16:17:43.267Z [Modules] Streaming discord_voice@1 to /home/noelle/.config/discord/0.0.58/modules/pending/discord_voice-1.zip: 44%
2024-07-07T16:17:43.273Z [Modules] Streaming discord_voice@1 to /home/noelle/.config/discord/0.0.58/modules/pending/discord_voice-1.zip: 45%
2024-07-07T16:17:43.275Z [Modules] Streaming discord_voice@1 to /home/noelle/.config/discord/0.0.58/modules/pending/discord_voice-1.zip: 46%
2024-07-07T16:17:43.277Z [Modules] Streaming discord_voice@1 to /home/noelle/.config/discord/0.0.58/modules/pending/discord_voice-1.zip: 47%
2024-07-07T16:17:43.283Z [Modules] Streaming discord_voice@1 to /home/noelle/.config/discord/0.0.58/modules/pending/discord_voice-1.zip: 48%
2024-07-07T16:17:43.285Z [Modules] Streaming discord_voice@1 to /home/noelle/.config/discord/0.0.58/modules/pending/discord_voice-1.zip: 49%
2024-07-07T16:17:43.287Z [Modules] Streaming discord_voice@1 to /home/noelle/.config/discord/0.0.58/modules/pending/discord_voice-1.zip: 50%
2024-07-07T16:17:43.292Z [Modules] Streaming discord_voice@1 to /home/noelle/.config/discord/0.0.58/modules/pending/discord_voice-1.zip: 51%
2024-07-07T16:17:43.293Z [Modules] Streaming discord_voice@1 to /home/noelle/.config/discord/0.0.58/modules/pending/discord_voice-1.zip: 52%
2024-07-07T16:17:43.296Z [Modules] Streaming discord_voice@1 to /home/noelle/.config/discord/0.0.58/modules/pending/discord_voice-1.zip: 53%
2024-07-07T16:17:43.298Z [Modules] Streaming discord_voice@1 to /home/noelle/.config/discord/0.0.58/modules/pending/discord_voice-1.zip: 54%
2024-07-07T16:17:43.304Z [Modules] Streaming discord_voice@1 to /home/noelle/.config/discord/0.0.58/modules/pending/discord_voice-1.zip: 55%
2024-07-07T16:17:43.305Z [Modules] Streaming discord_voice@1 to /home/noelle/.config/discord/0.0.58/modules/pending/discord_voice-1.zip: 56%
2024-07-07T16:17:43.308Z [Modules] Streaming discord_voice@1 to /home/noelle/.config/discord/0.0.58/modules/pending/discord_voice-1.zip: 57%
2024-07-07T16:17:43.313Z [Modules] Streaming discord_voice@1 to /home/noelle/.config/discord/0.0.58/modules/pending/discord_voice-1.zip: 58%
2024-07-07T16:17:43.316Z [Modules] Streaming discord_voice@1 to /home/noelle/.config/discord/0.0.58/modules/pending/discord_voice-1.zip: 59%
2024-07-07T16:17:43.320Z [Modules] Streaming discord_voice@1 to /home/noelle/.config/discord/0.0.58/modules/pending/discord_voice-1.zip: 60%
2024-07-07T16:17:43.326Z [Modules] Streaming discord_voice@1 to /home/noelle/.config/discord/0.0.58/modules/pending/discord_voice-1.zip: 61%
2024-07-07T16:17:43.331Z [Modules] Streaming discord_voice@1 to /home/noelle/.config/discord/0.0.58/modules/pending/discord_voice-1.zip: 62%
2024-07-07T16:17:43.333Z [Modules] Streaming discord_voice@1 to /home/noelle/.config/discord/0.0.58/modules/pending/discord_voice-1.zip: 63%
2024-07-07T16:17:43.335Z [Modules] Streaming discord_voice@1 to /home/noelle/.config/discord/0.0.58/modules/pending/discord_voice-1.zip: 64%
2024-07-07T16:17:43.337Z [Modules] Streaming discord_voice@1 to /home/noelle/.config/discord/0.0.58/modules/pending/discord_voice-1.zip: 65%
2024-07-07T16:17:43.341Z [Modules] Streaming discord_voice@1 to /home/noelle/.config/discord/0.0.58/modules/pending/discord_voice-1.zip: 66%
2024-07-07T16:17:43.344Z [Modules] Streaming discord_voice@1 to /home/noelle/.config/discord/0.0.58/modules/pending/discord_voice-1.zip: 67%
2024-07-07T16:17:43.347Z [Modules] Streaming discord_voice@1 to /home/noelle/.config/discord/0.0.58/modules/pending/discord_voice-1.zip: 68%
2024-07-07T16:17:43.353Z [Modules] Streaming discord_voice@1 to /home/noelle/.config/discord/0.0.58/modules/pending/discord_voice-1.zip: 69%
2024-07-07T16:17:43.357Z [Modules] Streaming discord_voice@1 to /home/noelle/.config/discord/0.0.58/modules/pending/discord_voice-1.zip: 70%
2024-07-07T16:17:43.360Z [Modules] Streaming discord_voice@1 to /home/noelle/.config/discord/0.0.58/modules/pending/discord_voice-1.zip: 71%
2024-07-07T16:17:43.362Z [Modules] Streaming discord_voice@1 to /home/noelle/.config/discord/0.0.58/modules/pending/discord_voice-1.zip: 72%
2024-07-07T16:17:43.369Z [Modules] Streaming discord_voice@1 to /home/noelle/.config/discord/0.0.58/modules/pending/discord_voice-1.zip: 73%
2024-07-07T16:17:43.370Z [Modules] Streaming discord_voice@1 to /home/noelle/.config/discord/0.0.58/modules/pending/discord_voice-1.zip: 74%
2024-07-07T16:17:43.373Z [Modules] Streaming discord_voice@1 to /home/noelle/.config/discord/0.0.58/modules/pending/discord_voice-1.zip: 75%
2024-07-07T16:17:43.376Z [Modules] Streaming discord_voice@1 to /home/noelle/.config/discord/0.0.58/modules/pending/discord_voice-1.zip: 76%
2024-07-07T16:17:43.379Z [Modules] Streaming discord_voice@1 to /home/noelle/.config/discord/0.0.58/modules/pending/discord_voice-1.zip: 77%
2024-07-07T16:17:43.389Z [Modules] Streaming discord_voice@1 to /home/noelle/.config/discord/0.0.58/modules/pending/discord_voice-1.zip: 78%
2024-07-07T16:17:43.395Z [Modules] Streaming discord_voice@1 to /home/noelle/.config/discord/0.0.58/modules/pending/discord_voice-1.zip: 79%
2024-07-07T16:17:43.397Z [Modules] Streaming discord_voice@1 to /home/noelle/.config/discord/0.0.58/modules/pending/discord_voice-1.zip: 80%
2024-07-07T16:17:43.398Z [Modules] Streaming discord_voice@1 to /home/noelle/.config/discord/0.0.58/modules/pending/discord_voice-1.zip: 81%
2024-07-07T16:17:43.401Z [Modules] Streaming discord_voice@1 to /home/noelle/.config/discord/0.0.58/modules/pending/discord_voice-1.zip: 82%
2024-07-07T16:17:43.403Z [Modules] Streaming discord_voice@1 to /home/noelle/.config/discord/0.0.58/modules/pending/discord_voice-1.zip: 83%
2024-07-07T16:17:43.404Z [Modules] Streaming discord_voice@1 to /home/noelle/.config/discord/0.0.58/modules/pending/discord_voice-1.zip: 84%
2024-07-07T16:17:43.409Z [Modules] Streaming discord_voice@1 to /home/noelle/.config/discord/0.0.58/modules/pending/discord_voice-1.zip: 85%
2024-07-07T16:17:43.419Z [Modules] Streaming discord_voice@1 to /home/noelle/.config/discord/0.0.58/modules/pending/discord_voice-1.zip: 86%
2024-07-07T16:17:43.421Z [Modules] Streaming discord_voice@1 to /home/noelle/.config/discord/0.0.58/modules/pending/discord_voice-1.zip: 87%
2024-07-07T16:17:43.422Z [Modules] Streaming discord_voice@1 to /home/noelle/.config/discord/0.0.58/modules/pending/discord_voice-1.zip: 88%
2024-07-07T16:17:43.425Z [Modules] Streaming discord_voice@1 to /home/noelle/.config/discord/0.0.58/modules/pending/discord_voice-1.zip: 89%
2024-07-07T16:17:43.427Z [Modules] Streaming discord_voice@1 to /home/noelle/.config/discord/0.0.58/modules/pending/discord_voice-1.zip: 90%
2024-07-07T16:17:43.429Z [Modules] Streaming discord_voice@1 to /home/noelle/.config/discord/0.0.58/modules/pending/discord_voice-1.zip: 91%
2024-07-07T16:17:43.433Z [Modules] Streaming discord_voice@1 to /home/noelle/.config/discord/0.0.58/modules/pending/discord_voice-1.zip: 92%
2024-07-07T16:17:43.438Z [Modules] Streaming discord_voice@1 to /home/noelle/.config/discord/0.0.58/modules/pending/discord_voice-1.zip: 93%
2024-07-07T16:17:43.439Z [Modules] Streaming discord_voice@1 to /home/noelle/.config/discord/0.0.58/modules/pending/discord_voice-1.zip: 94%
2024-07-07T16:17:43.441Z [Modules] Streaming discord_voice@1 to /home/noelle/.config/discord/0.0.58/modules/pending/discord_voice-1.zip: 95%
2024-07-07T16:17:43.444Z [Modules] Streaming discord_voice@1 to /home/noelle/.config/discord/0.0.58/modules/pending/discord_voice-1.zip: 96%
2024-07-07T16:17:43.448Z [Modules] Streaming discord_voice@1 to /home/noelle/.config/discord/0.0.58/modules/pending/discord_voice-1.zip: 97%
2024-07-07T16:17:43.455Z [Modules] Streaming discord_voice@1 to /home/noelle/.config/discord/0.0.58/modules/pending/discord_voice-1.zip: 98%
2024-07-07T16:17:43.459Z [Modules] Streaming discord_voice@1 to /home/noelle/.config/discord/0.0.58/modules/pending/discord_voice-1.zip: 99%
2024-07-07T16:17:43.483Z [Modules] Streaming discord_voice@1 to /home/noelle/.config/discord/0.0.58/modules/pending/discord_voice-1.zip: 100%
2024-07-07T16:17:43.484Z [Modules] Fetching discord_zstd@1 from https://discord.com/api/modules/stable/discord_zstd/1
2024-07-07T16:17:43.484Z [Modules] Streaming discord_zstd@1 to /home/noelle/.config/discord/0.0.58/modules/pending/discord_zstd-1.zip
2024-07-07T16:17:43.607Z [Modules] Streaming discord_zstd@1 to /home/noelle/.config/discord/0.0.58/modules/pending/discord_zstd-1.zip: 16%
2024-07-07T16:17:43.607Z [Modules] Streaming discord_zstd@1 to /home/noelle/.config/discord/0.0.58/modules/pending/discord_zstd-1.zip: 27%
2024-07-07T16:17:43.613Z [Modules] Streaming discord_zstd@1 to /home/noelle/.config/discord/0.0.58/modules/pending/discord_zstd-1.zip: 43%
2024-07-07T16:17:43.614Z [Modules] Streaming discord_zstd@1 to /home/noelle/.config/discord/0.0.58/modules/pending/discord_zstd-1.zip: 80%
2024-07-07T16:17:43.614Z [Modules] Streaming discord_zstd@1 to /home/noelle/.config/discord/0.0.58/modules/pending/discord_zstd-1.zip: 96%
2024-07-07T16:17:43.634Z [Modules] Streaming discord_zstd@1 to /home/noelle/.config/discord/0.0.58/modules/pending/discord_zstd-1.zip: 100%
2024-07-07T16:17:43.636Z [Modules] Finished module downloads. [success: 6] [failure: 0]
2024-07-07T16:17:43.636Z [Modules] Installing updates...
2024-07-07T16:17:43.636Z [Modules] Installing discord_desktop_core@1 from /home/noelle/.config/discord/0.0.58/modules/pending/discord_desktop_core-1.zip
2024-07-07T16:17:43.780Z [Modules] Installing discord_erlpack@1 from /home/noelle/.config/discord/0.0.58/modules/pending/discord_erlpack-1.zip
2024-07-07T16:17:43.902Z [Modules] Installing discord_spellcheck@1 from /home/noelle/.config/discord/0.0.58/modules/pending/discord_spellcheck-1.zip
2024-07-07T16:17:44.975Z [Modules] Installing discord_utils@1 from /home/noelle/.config/discord/0.0.58/modules/pending/discord_utils-1.zip
2024-07-07T16:17:45.186Z [Modules] Installing discord_voice@1 from /home/noelle/.config/discord/0.0.58/modules/pending/discord_voice-1.zip
2024-07-07T16:17:46.117Z [Modules] Installing discord_zstd@1 from /home/noelle/.config/discord/0.0.58/modules/pending/discord_zstd-1.zip
2024-07-07T16:17:46.134Z [Modules] Finished module installations. [success: 6] [failure: 0]
2024-07-07T16:17:46.135Z [Modules] Host is up to date.
2024-07-07T16:17:46.135Z [Modules] Checking for module updates at https://discord.com/api/modules/stable/versions.json
2024-07-07T16:17:46.140Z [Modules] No module updates available.
2024-07-07T16:17:47.871Z [Modules] Starting to install discord_krisp...
2024-07-07T16:17:47.872Z [Modules] Fetching discord_krisp@1 from https://discord.com/api/modules/stable/discord_krisp/1
2024-07-07T16:17:47.872Z [Modules] Streaming discord_krisp@1 to /home/noelle/.config/discord/0.0.58/modules/pending/discord_krisp-1.zip
2024-07-07T16:17:47.881Z [Modules] Starting to install discord_game_utils...
2024-07-07T16:17:48.004Z [Modules] Streaming discord_krisp@1 to /home/noelle/.config/discord/0.0.58/modules/pending/discord_krisp-1.zip: 1%
2024-07-07T16:17:48.007Z [Modules] Streaming discord_krisp@1 to /home/noelle/.config/discord/0.0.58/modules/pending/discord_krisp-1.zip: 2%
2024-07-07T16:17:48.009Z [Modules] Streaming discord_krisp@1 to /home/noelle/.config/discord/0.0.58/modules/pending/discord_krisp-1.zip: 3%
2024-07-07T16:17:48.017Z [Modules] Streaming discord_krisp@1 to /home/noelle/.config/discord/0.0.58/modules/pending/discord_krisp-1.zip: 4%
2024-07-07T16:17:48.019Z [Modules] Streaming discord_krisp@1 to /home/noelle/.config/discord/0.0.58/modules/pending/discord_krisp-1.zip: 5%
2024-07-07T16:17:48.021Z [Modules] Streaming discord_krisp@1 to /home/noelle/.config/discord/0.0.58/modules/pending/discord_krisp-1.zip: 6%
2024-07-07T16:17:48.024Z [Modules] Streaming discord_krisp@1 to /home/noelle/.config/discord/0.0.58/modules/pending/discord_krisp-1.zip: 7%
2024-07-07T16:17:48.028Z [Modules] Streaming discord_krisp@1 to /home/noelle/.config/discord/0.0.58/modules/pending/discord_krisp-1.zip: 8%
2024-07-07T16:17:48.033Z [Modules] Streaming discord_krisp@1 to /home/noelle/.config/discord/0.0.58/modules/pending/discord_krisp-1.zip: 9%
2024-07-07T16:17:48.034Z [Modules] Streaming discord_krisp@1 to /home/noelle/.config/discord/0.0.58/modules/pending/discord_krisp-1.zip: 10%
2024-07-07T16:17:48.039Z [Modules] Streaming discord_krisp@1 to /home/noelle/.config/discord/0.0.58/modules/pending/discord_krisp-1.zip: 11%
2024-07-07T16:17:48.045Z [Modules] Streaming discord_krisp@1 to /home/noelle/.config/discord/0.0.58/modules/pending/discord_krisp-1.zip: 12%
2024-07-07T16:17:48.050Z [Modules] Streaming discord_krisp@1 to /home/noelle/.config/discord/0.0.58/modules/pending/discord_krisp-1.zip: 13%
2024-07-07T16:17:48.053Z [Modules] Streaming discord_krisp@1 to /home/noelle/.config/discord/0.0.58/modules/pending/discord_krisp-1.zip: 14%
2024-07-07T16:17:48.063Z [Modules] Streaming discord_krisp@1 to /home/noelle/.config/discord/0.0.58/modules/pending/discord_krisp-1.zip: 15%
2024-07-07T16:17:48.065Z [Modules] Streaming discord_krisp@1 to /home/noelle/.config/discord/0.0.58/modules/pending/discord_krisp-1.zip: 16%
2024-07-07T16:17:48.073Z [Modules] Streaming discord_krisp@1 to /home/noelle/.config/discord/0.0.58/modules/pending/discord_krisp-1.zip: 17%
2024-07-07T16:17:48.075Z [Modules] Streaming discord_krisp@1 to /home/noelle/.config/discord/0.0.58/modules/pending/discord_krisp-1.zip: 18%
2024-07-07T16:17:48.077Z [Modules] Streaming discord_krisp@1 to /home/noelle/.config/discord/0.0.58/modules/pending/discord_krisp-1.zip: 19%
2024-07-07T16:17:48.081Z [Modules] Streaming discord_krisp@1 to /home/noelle/.config/discord/0.0.58/modules/pending/discord_krisp-1.zip: 20%
2024-07-07T16:17:48.082Z [Modules] Streaming discord_krisp@1 to /home/noelle/.config/discord/0.0.58/modules/pending/discord_krisp-1.zip: 21%
2024-07-07T16:17:48.091Z [Modules] Streaming discord_krisp@1 to /home/noelle/.config/discord/0.0.58/modules/pending/discord_krisp-1.zip: 22%
2024-07-07T16:17:48.092Z [Modules] Streaming discord_krisp@1 to /home/noelle/.config/discord/0.0.58/modules/pending/discord_krisp-1.zip: 23%
2024-07-07T16:17:48.093Z [Modules] Streaming discord_krisp@1 to /home/noelle/.config/discord/0.0.58/modules/pending/discord_krisp-1.zip: 24%
2024-07-07T16:17:48.095Z [Modules] Streaming discord_krisp@1 to /home/noelle/.config/discord/0.0.58/modules/pending/discord_krisp-1.zip: 25%
2024-07-07T16:17:48.105Z [Modules] Streaming discord_krisp@1 to /home/noelle/.config/discord/0.0.58/modules/pending/discord_krisp-1.zip: 26%
2024-07-07T16:17:48.106Z [Modules] Streaming discord_krisp@1 to /home/noelle/.config/discord/0.0.58/modules/pending/discord_krisp-1.zip: 27%
2024-07-07T16:17:48.107Z [Modules] Streaming discord_krisp@1 to /home/noelle/.config/discord/0.0.58/modules/pending/discord_krisp-1.zip: 28%
2024-07-07T16:17:48.109Z [Modules] Streaming discord_krisp@1 to /home/noelle/.config/discord/0.0.58/modules/pending/discord_krisp-1.zip: 29%
2024-07-07T16:17:48.110Z [Modules] Streaming discord_krisp@1 to /home/noelle/.config/discord/0.0.58/modules/pending/discord_krisp-1.zip: 30%
2024-07-07T16:17:48.121Z [Modules] Streaming discord_krisp@1 to /home/noelle/.config/discord/0.0.58/modules/pending/discord_krisp-1.zip: 31%
2024-07-07T16:17:48.122Z [Modules] Streaming discord_krisp@1 to /home/noelle/.config/discord/0.0.58/modules/pending/discord_krisp-1.zip: 32%
2024-07-07T16:17:48.123Z [Modules] Streaming discord_krisp@1 to /home/noelle/.config/discord/0.0.58/modules/pending/discord_krisp-1.zip: 33%
2024-07-07T16:17:48.125Z [Modules] Streaming discord_krisp@1 to /home/noelle/.config/discord/0.0.58/modules/pending/discord_krisp-1.zip: 34%
2024-07-07T16:17:48.126Z [Modules] Streaming discord_krisp@1 to /home/noelle/.config/discord/0.0.58/modules/pending/discord_krisp-1.zip: 35%
2024-07-07T16:17:48.131Z [Modules] Streaming discord_krisp@1 to /home/noelle/.config/discord/0.0.58/modules/pending/discord_krisp-1.zip: 36%
2024-07-07T16:17:48.134Z [Modules] Streaming discord_krisp@1 to /home/noelle/.config/discord/0.0.58/modules/pending/discord_krisp-1.zip: 37%
2024-07-07T16:17:48.136Z [Modules] Streaming discord_krisp@1 to /home/noelle/.config/discord/0.0.58/modules/pending/discord_krisp-1.zip: 38%
2024-07-07T16:17:48.140Z [Modules] Streaming discord_krisp@1 to /home/noelle/.config/discord/0.0.58/modules/pending/discord_krisp-1.zip: 39%
2024-07-07T16:17:48.163Z [Modules] Streaming discord_krisp@1 to /home/noelle/.config/discord/0.0.58/modules/pending/discord_krisp-1.zip: 40%
2024-07-07T16:17:48.165Z [Modules] Streaming discord_krisp@1 to /home/noelle/.config/discord/0.0.58/modules/pending/discord_krisp-1.zip: 41%
2024-07-07T16:17:48.177Z [Modules] Streaming discord_krisp@1 to /home/noelle/.config/discord/0.0.58/modules/pending/discord_krisp-1.zip: 42%
2024-07-07T16:17:48.178Z [Modules] Streaming discord_krisp@1 to /home/noelle/.config/discord/0.0.58/modules/pending/discord_krisp-1.zip: 43%
2024-07-07T16:17:48.180Z [Modules] Streaming discord_krisp@1 to /home/noelle/.config/discord/0.0.58/modules/pending/discord_krisp-1.zip: 44%
2024-07-07T16:17:48.182Z [Modules] Streaming discord_krisp@1 to /home/noelle/.config/discord/0.0.58/modules/pending/discord_krisp-1.zip: 45%
2024-07-07T16:17:48.183Z [Modules] Streaming discord_krisp@1 to /home/noelle/.config/discord/0.0.58/modules/pending/discord_krisp-1.zip: 46%
2024-07-07T16:17:48.185Z [Modules] Streaming discord_krisp@1 to /home/noelle/.config/discord/0.0.58/modules/pending/discord_krisp-1.zip: 47%
2024-07-07T16:17:48.195Z [Modules] Streaming discord_krisp@1 to /home/noelle/.config/discord/0.0.58/modules/pending/discord_krisp-1.zip: 48%
2024-07-07T16:17:48.197Z [Modules] Streaming discord_krisp@1 to /home/noelle/.config/discord/0.0.58/modules/pending/discord_krisp-1.zip: 49%
2024-07-07T16:17:48.207Z [Modules] Streaming discord_krisp@1 to /home/noelle/.config/discord/0.0.58/modules/pending/discord_krisp-1.zip: 50%
2024-07-07T16:17:48.209Z [Modules] Streaming discord_krisp@1 to /home/noelle/.config/discord/0.0.58/modules/pending/discord_krisp-1.zip: 51%
2024-07-07T16:17:48.211Z [Modules] Streaming discord_krisp@1 to /home/noelle/.config/discord/0.0.58/modules/pending/discord_krisp-1.zip: 52%
2024-07-07T16:17:48.212Z [Modules] Streaming discord_krisp@1 to /home/noelle/.config/discord/0.0.58/modules/pending/discord_krisp-1.zip: 53%
2024-07-07T16:17:48.214Z [Modules] Streaming discord_krisp@1 to /home/noelle/.config/discord/0.0.58/modules/pending/discord_krisp-1.zip: 54%
2024-07-07T16:17:48.216Z [Modules] Streaming discord_krisp@1 to /home/noelle/.config/discord/0.0.58/modules/pending/discord_krisp-1.zip: 55%
2024-07-07T16:17:48.218Z [Modules] Streaming discord_krisp@1 to /home/noelle/.config/discord/0.0.58/modules/pending/discord_krisp-1.zip: 56%
2024-07-07T16:17:48.272Z [Modules] Streaming discord_krisp@1 to /home/noelle/.config/discord/0.0.58/modules/pending/discord_krisp-1.zip: 60%
2024-07-07T16:17:48.274Z [Modules] Streaming discord_krisp@1 to /home/noelle/.config/discord/0.0.58/modules/pending/discord_krisp-1.zip: 61%
2024-07-07T16:17:48.276Z [Modules] Streaming discord_krisp@1 to /home/noelle/.config/discord/0.0.58/modules/pending/discord_krisp-1.zip: 67%
2024-07-07T16:17:48.282Z [Modules] Streaming discord_krisp@1 to /home/noelle/.config/discord/0.0.58/modules/pending/discord_krisp-1.zip: 70%
2024-07-07T16:17:48.283Z [Modules] Streaming discord_krisp@1 to /home/noelle/.config/discord/0.0.58/modules/pending/discord_krisp-1.zip: 71%
2024-07-07T16:17:48.320Z [Modules] Streaming discord_krisp@1 to /home/noelle/.config/discord/0.0.58/modules/pending/discord_krisp-1.zip: 72%
2024-07-07T16:17:48.330Z [Modules] Streaming discord_krisp@1 to /home/noelle/.config/discord/0.0.58/modules/pending/discord_krisp-1.zip: 73%
2024-07-07T16:17:48.334Z [Modules] Streaming discord_krisp@1 to /home/noelle/.config/discord/0.0.58/modules/pending/discord_krisp-1.zip: 74%
2024-07-07T16:17:48.335Z [Modules] Streaming discord_krisp@1 to /home/noelle/.config/discord/0.0.58/modules/pending/discord_krisp-1.zip: 77%
2024-07-07T16:17:48.378Z [Modules] Streaming discord_krisp@1 to /home/noelle/.config/discord/0.0.58/modules/pending/discord_krisp-1.zip: 78%
2024-07-07T16:17:48.386Z [Modules] Streaming discord_krisp@1 to /home/noelle/.config/discord/0.0.58/modules/pending/discord_krisp-1.zip: 81%
2024-07-07T16:17:48.387Z [Modules] Streaming discord_krisp@1 to /home/noelle/.config/discord/0.0.58/modules/pending/discord_krisp-1.zip: 82%
2024-07-07T16:17:48.389Z [Modules] Streaming discord_krisp@1 to /home/noelle/.config/discord/0.0.58/modules/pending/discord_krisp-1.zip: 83%
2024-07-07T16:17:48.400Z [Modules] Streaming discord_krisp@1 to /home/noelle/.config/discord/0.0.58/modules/pending/discord_krisp-1.zip: 84%
2024-07-07T16:17:48.405Z [Modules] Streaming discord_krisp@1 to /home/noelle/.config/discord/0.0.58/modules/pending/discord_krisp-1.zip: 85%
2024-07-07T16:17:48.406Z [Modules] Streaming discord_krisp@1 to /home/noelle/.config/discord/0.0.58/modules/pending/discord_krisp-1.zip: 86%
2024-07-07T16:17:48.406Z [Modules] Streaming discord_krisp@1 to /home/noelle/.config/discord/0.0.58/modules/pending/discord_krisp-1.zip: 87%
2024-07-07T16:17:48.407Z [Modules] Streaming discord_krisp@1 to /home/noelle/.config/discord/0.0.58/modules/pending/discord_krisp-1.zip: 88%
2024-07-07T16:17:48.408Z [Modules] Streaming discord_krisp@1 to /home/noelle/.config/discord/0.0.58/modules/pending/discord_krisp-1.zip: 89%
2024-07-07T16:17:48.409Z [Modules] Streaming discord_krisp@1 to /home/noelle/.config/discord/0.0.58/modules/pending/discord_krisp-1.zip: 90%
2024-07-07T16:17:48.416Z [Modules] Streaming discord_krisp@1 to /home/noelle/.config/discord/0.0.58/modules/pending/discord_krisp-1.zip: 91%
2024-07-07T16:17:48.417Z [Modules] Streaming discord_krisp@1 to /home/noelle/.config/discord/0.0.58/modules/pending/discord_krisp-1.zip: 92%
2024-07-07T16:17:48.417Z [Modules] Streaming discord_krisp@1 to /home/noelle/.config/discord/0.0.58/modules/pending/discord_krisp-1.zip: 93%
2024-07-07T16:17:48.421Z [Modules] Streaming discord_krisp@1 to /home/noelle/.config/discord/0.0.58/modules/pending/discord_krisp-1.zip: 94%
2024-07-07T16:17:48.423Z [Modules] Streaming discord_krisp@1 to /home/noelle/.config/discord/0.0.58/modules/pending/discord_krisp-1.zip: 95%
2024-07-07T16:17:48.480Z [Modules] Streaming discord_krisp@1 to /home/noelle/.config/discord/0.0.58/modules/pending/discord_krisp-1.zip: 96%
2024-07-07T16:17:48.481Z [Modules] Streaming discord_krisp@1 to /home/noelle/.config/discord/0.0.58/modules/pending/discord_krisp-1.zip: 97%
2024-07-07T16:17:48.487Z [Modules] Streaming discord_krisp@1 to /home/noelle/.config/discord/0.0.58/modules/pending/discord_krisp-1.zip: 98%
2024-07-07T16:17:48.494Z [Modules] Streaming discord_krisp@1 to /home/noelle/.config/discord/0.0.58/modules/pending/discord_krisp-1.zip: 100%
2024-07-07T16:17:48.496Z [Modules] Fetching discord_game_utils@1 from https://discord.com/api/modules/stable/discord_game_utils/1
2024-07-07T16:17:48.496Z [Modules] Streaming discord_game_utils@1 to /home/noelle/.config/discord/0.0.58/modules/pending/discord_game_utils-1.zip
2024-07-07T16:17:48.496Z [Modules] Installing discord_krisp@1 from /home/noelle/.config/discord/0.0.58/modules/pending/discord_krisp-1.zip
2024-07-07T16:17:48.639Z [Modules] Streaming discord_game_utils@1 to /home/noelle/.config/discord/0.0.58/modules/pending/discord_game_utils-1.zip: 2%
2024-07-07T16:17:48.640Z [Modules] Streaming discord_game_utils@1 to /home/noelle/.config/discord/0.0.58/modules/pending/discord_game_utils-1.zip: 6%
2024-07-07T16:17:48.642Z [Modules] Streaming discord_game_utils@1 to /home/noelle/.config/discord/0.0.58/modules/pending/discord_game_utils-1.zip: 8%
2024-07-07T16:17:48.643Z [Modules] Streaming discord_game_utils@1 to /home/noelle/.config/discord/0.0.58/modules/pending/discord_game_utils-1.zip: 10%
2024-07-07T16:17:48.647Z [Modules] Streaming discord_game_utils@1 to /home/noelle/.config/discord/0.0.58/modules/pending/discord_game_utils-1.zip: 15%
2024-07-07T16:17:48.648Z [Modules] Streaming discord_game_utils@1 to /home/noelle/.config/discord/0.0.58/modules/pending/discord_game_utils-1.zip: 18%
2024-07-07T16:17:48.651Z [Modules] Streaming discord_game_utils@1 to /home/noelle/.config/discord/0.0.58/modules/pending/discord_game_utils-1.zip: 21%
2024-07-07T16:17:48.652Z [Modules] Streaming discord_game_utils@1 to /home/noelle/.config/discord/0.0.58/modules/pending/discord_game_utils-1.zip: 25%
2024-07-07T16:17:48.653Z [Modules] Streaming discord_game_utils@1 to /home/noelle/.config/discord/0.0.58/modules/pending/discord_game_utils-1.zip: 27%
2024-07-07T16:17:48.655Z [Modules] Streaming discord_game_utils@1 to /home/noelle/.config/discord/0.0.58/modules/pending/discord_game_utils-1.zip: 29%
2024-07-07T16:17:48.655Z [Modules] Streaming discord_game_utils@1 to /home/noelle/.config/discord/0.0.58/modules/pending/discord_game_utils-1.zip: 31%
2024-07-07T16:17:48.656Z [Modules] Streaming discord_game_utils@1 to /home/noelle/.config/discord/0.0.58/modules/pending/discord_game_utils-1.zip: 35%
2024-07-07T16:17:48.657Z [Modules] Streaming discord_game_utils@1 to /home/noelle/.config/discord/0.0.58/modules/pending/discord_game_utils-1.zip: 38%
2024-07-07T16:17:48.657Z [Modules] Streaming discord_game_utils@1 to /home/noelle/.config/discord/0.0.58/modules/pending/discord_game_utils-1.zip: 40%
2024-07-07T16:17:48.657Z [Modules] Streaming discord_game_utils@1 to /home/noelle/.config/discord/0.0.58/modules/pending/discord_game_utils-1.zip: 43%
2024-07-07T16:17:48.658Z [Modules] Streaming discord_game_utils@1 to /home/noelle/.config/discord/0.0.58/modules/pending/discord_game_utils-1.zip: 44%
2024-07-07T16:17:48.658Z [Modules] Streaming discord_game_utils@1 to /home/noelle/.config/discord/0.0.58/modules/pending/discord_game_utils-1.zip: 47%
2024-07-07T16:17:48.659Z [Modules] Streaming discord_game_utils@1 to /home/noelle/.config/discord/0.0.58/modules/pending/discord_game_utils-1.zip: 50%
2024-07-07T16:17:48.660Z [Modules] Streaming discord_game_utils@1 to /home/noelle/.config/discord/0.0.58/modules/pending/discord_game_utils-1.zip: 52%
2024-07-07T16:17:48.662Z [Modules] Streaming discord_game_utils@1 to /home/noelle/.config/discord/0.0.58/modules/pending/discord_game_utils-1.zip: 54%
2024-07-07T16:17:48.662Z [Modules] Streaming discord_game_utils@1 to /home/noelle/.config/discord/0.0.58/modules/pending/discord_game_utils-1.zip: 56%
2024-07-07T16:17:48.666Z [Modules] Streaming discord_game_utils@1 to /home/noelle/.config/discord/0.0.58/modules/pending/discord_game_utils-1.zip: 58%
2024-07-07T16:17:48.667Z [Modules] Streaming discord_game_utils@1 to /home/noelle/.config/discord/0.0.58/modules/pending/discord_game_utils-1.zip: 62%
2024-07-07T16:17:48.669Z [Modules] Streaming discord_game_utils@1 to /home/noelle/.config/discord/0.0.58/modules/pending/discord_game_utils-1.zip: 72%
2024-07-07T16:17:48.669Z [Modules] Streaming discord_game_utils@1 to /home/noelle/.config/discord/0.0.58/modules/pending/discord_game_utils-1.zip: 74%
2024-07-07T16:17:48.670Z [Modules] Streaming discord_game_utils@1 to /home/noelle/.config/discord/0.0.58/modules/pending/discord_game_utils-1.zip: 75%
2024-07-07T16:17:48.670Z [Modules] Streaming discord_game_utils@1 to /home/noelle/.config/discord/0.0.58/modules/pending/discord_game_utils-1.zip: 77%
2024-07-07T16:17:48.672Z [Modules] Streaming discord_game_utils@1 to /home/noelle/.config/discord/0.0.58/modules/pending/discord_game_utils-1.zip: 80%
2024-07-07T16:17:48.673Z [Modules] Streaming discord_game_utils@1 to /home/noelle/.config/discord/0.0.58/modules/pending/discord_game_utils-1.zip: 82%
2024-07-07T16:17:48.673Z [Modules] Streaming discord_game_utils@1 to /home/noelle/.config/discord/0.0.58/modules/pending/discord_game_utils-1.zip: 85%
2024-07-07T16:17:48.674Z [Modules] Streaming discord_game_utils@1 to /home/noelle/.config/discord/0.0.58/modules/pending/discord_game_utils-1.zip: 86%
2024-07-07T16:17:48.686Z [Modules] Streaming discord_game_utils@1 to /home/noelle/.config/discord/0.0.58/modules/pending/discord_game_utils-1.zip: 97%
2024-07-07T16:17:48.687Z [Modules] Streaming discord_game_utils@1 to /home/noelle/.config/discord/0.0.58/modules/pending/discord_game_utils-1.zip: 100%
2024-07-07T16:17:48.689Z [Modules] Finished module downloads. [success: 2] [failure: 0]
2024-07-07T16:17:48.897Z [Modules] Host is up to date.
2024-07-07T16:17:48.897Z [Modules] Checking for module updates at https://discord.com/api/modules/stable/versions.json
2024-07-07T16:17:48.901Z [Modules] No module updates available.
2024-07-07T16:17:49.070Z [Modules] Starting to install discord_rpc...
2024-07-07T16:17:49.071Z [Modules] Fetching discord_rpc@1 from https://discord.com/api/modules/stable/discord_rpc/1
2024-07-07T16:17:49.071Z [Modules] Streaming discord_rpc@1 to /home/noelle/.config/discord/0.0.58/modules/pending/discord_rpc-1.zip
2024-07-07T16:17:49.215Z [Modules] Streaming discord_rpc@1 to /home/noelle/.config/discord/0.0.58/modules/pending/discord_rpc-1.zip: 75%
2024-07-07T16:17:49.241Z [Modules] Streaming discord_rpc@1 to /home/noelle/.config/discord/0.0.58/modules/pending/discord_rpc-1.zip: 100%
2024-07-07T16:17:49.242Z [Modules] Finished module downloads. [success: 1] [failure: 0]
2024-07-07T16:17:49.286Z [Modules] Installing discord_game_utils@1 from /home/noelle/.config/discord/0.0.58/modules/pending/discord_game_utils-1.zip
2024-07-07T16:17:49.438Z [Modules] Installing discord_rpc@1 from /home/noelle/.config/discord/0.0.58/modules/pending/discord_rpc-1.zip
2024-07-07T16:17:49.465Z [Modules] Finished module installations. [success: 3] [failure: 0]
2024-07-07T16:21:06.906Z [Modules] Modules initializing
2024-07-07T16:21:06.906Z [Modules] Distribution: remote
2024-07-07T16:21:06.906Z [Modules] Host updates: disabled
2024-07-07T16:21:06.907Z [Modules] Module updates: enabled
2024-07-07T16:21:06.907Z [Modules] Module install path: /home/noelle/.config/discord/0.0.58/modules
2024-07-07T16:21:06.907Z [Modules] Module installed file path: /home/noelle/.config/discord/0.0.58/modules/installed.json
2024-07-07T16:21:06.908Z [Modules] Module download path: /home/noelle/.config/discord/0.0.58/modules/pending
2024-07-07T16:21:07.130Z [Modules] No updates to install
2024-07-07T16:21:07.131Z [Modules] Host is up to date.
2024-07-07T16:21:07.131Z [Modules] Checking for module updates at https://discord.com/api/modules/stable/versions.json
2024-07-07T16:21:07.404Z [Modules] No module updates available.
2024-07-07T16:21:12.432Z [Modules] Host is up to date.
2024-07-07T16:21:12.432Z [Modules] Checking for module updates at https://discord.com/api/modules/stable/versions.json
2024-07-07T16:21:12.436Z [Modules] No module updates available.
